[2023-03-01 22:59:09] [WARNING]: 虚拟设备信息不存在, 将自动生成随机设备. 
[2023-03-01 22:59:15] [WARNING]: 登录失败: 密码错误或账号被冻结 
[2023-03-01 22:59:28] [WARNING]: 登录失败: 密码错误或账号被冻结 
[2023-03-01 23:00:02] [WARNING]: 账号密码未配置, 将使用二维码登录. 
[2023-03-01 23:00:02] [WARNING]: 将在 5秒 后继续. 
[2023-03-01 23:00:21] [WARNING]: 登录失败: 你的用户身份已失效，为保证帐号安全，请你重新登录。 
[2023-03-01 23:02:05] [WARNING]: 账号密码未配置, 将使用二维码登录. 
[2023-03-01 23:02:05] [WARNING]: 将在 5秒 后继续. 
[2023-03-01 23:02:29] [WARNING]: Protocol -> device lock is disable. http api may fail. 
[2023-03-01 23:02:32] [WARNING]: 连接到反向WebSocket Universal服务器 ws://your_websocket_universal.server 时出现错误: dial tcp: lookup your_websocket_universal.server: no such host 
[2023-03-01 23:02:35] [WARNING]: 连接到反向WebSocket Universal服务器 ws://your_websocket_universal.server 时出现错误: dial tcp: lookup your_websocket_universal.server: no such host 
[2023-03-01 23:02:38] [WARNING]: 连接到反向WebSocket Universal服务器 ws://your_websocket_universal.server 时出现错误: dial tcp: lookup your_websocket_universal.server: no such host 
[2023-03-01 23:02:41] [WARNING]: 连接到反向WebSocket Universal服务器 ws://your_websocket_universal.server 时出现错误: dial tcp: lookup your_websocket_universal.server: no such host 
[2023-03-01 23:02:44] [WARNING]: 连接到反向WebSocket Universal服务器 ws://your_websocket_universal.server 时出现错误: dial tcp: lookup your_websocket_universal.server: no such host 
[2023-03-01 23:02:48] [WARNING]: 连接到反向WebSocket Universal服务器 ws://your_websocket_universal.server 时出现错误: dial tcp: lookup your_websocket_universal.server: no such host 
[2023-03-01 23:02:51] [WARNING]: 连接到反向WebSocket Universal服务器 ws://your_websocket_universal.server 时出现错误: dial tcp: lookup your_websocket_universal.server: no such host 
[2023-03-01 23:02:54] [WARNING]: 连接到反向WebSocket Universal服务器 ws://your_websocket_universal.server 时出现错误: dial tcp: lookup your_websocket_universal.server: no such host 
[2023-03-01 23:02:57] [WARNING]: 连接到反向WebSocket Universal服务器 ws://your_websocket_universal.server 时出现错误: dial tcp: lookup your_websocket_universal.server: no such host 
[2023-03-01 23:03:00] [WARNING]: 连接到反向WebSocket Universal服务器 ws://your_websocket_universal.server 时出现错误: dial tcp: lookup your_websocket_universal.server: no such host 
[2023-03-01 23:03:03] [WARNING]: 连接到反向WebSocket Universal服务器 ws://your_websocket_universal.server 时出现错误: dial tcp: lookup your_websocket_universal.server: no such host 
[2023-03-01 23:03:06] [WARNING]: 连接到反向WebSocket Universal服务器 ws://your_websocket_universal.server 时出现错误: dial tcp: lookup your_websocket_universal.server: no such host 
[2023-03-01 23:03:09] [WARNING]: 连接到反向WebSocket Universal服务器 ws://your_websocket_universal.server 时出现错误: dial tcp: lookup your_websocket_universal.server: no such host 
[2023-03-01 23:07:14] [WARNING]: Protocol -> device lock is disable. http api may fail. 
[2023-03-01 23:07:18] [WARNING]: 连接到反向WebSocket Universal服务器 ws://127.0.0.1:8080/ws 时出现错误: websocket: bad handshake 
[2023-03-01 23:07:21] [WARNING]: 连接到反向WebSocket Universal服务器 ws://127.0.0.1:8080/ws 时出现错误: websocket: bad handshake 
[2023-03-01 23:07:24] [WARNING]: 连接到反向WebSocket Universal服务器 ws://127.0.0.1:8080/ws 时出现错误: websocket: bad handshake 
[2023-03-01 23:08:24] [WARNING]: Protocol -> device lock is disable. http api may fail. 
[2023-03-01 23:20:35] [WARNING]: Protocol -> device lock is disable. http api may fail. 
[2023-03-01 23:40:40] [WARNING]: Protocol -> device lock is disable. http api may fail. 
[2023-03-01 23:40:44] [WARNING]: 读取http配置失败 :yaml: unmarshal errors:
  line 108: cannot unmarshal !!map into []server.httpServerPost 
[2023-03-01 23:51:22] [WARNING]: Protocol -> device lock is disable. http api may fail. 
[2023-03-01 23:51:26] [WARNING]: 读取http配置失败 :yaml: unmarshal errors:
  line 108: cannot unmarshal !!map into []server.httpServerPost 
